D:/Escritorio/Tesis/plugins/ Si es un directorio valido
hola
D:/Escritorio/Tesis/plugins/ Si es un directorio valido
hola
1332615983535 D:/Escritorio/Tesis/plugins/ Si es un directorio valido
Sat Mar 24 2012 14:06:48 GMT-0500 (Hora est. Pacífico, Sudamérica) D:/Escritorio/Tesis/plugins/ Si es un directorio valido
Sat Mar 24 2012 14:09:19 GMT-0500 (Hora est. Pacífico, Sudamérica) D:/Escritorio/Tesis/plugins/ Si es un directorio valido
Sat Mar 24 2012 14:17:58 GMT-0500 (Hora est. Pacífico, Sudamérica) D:/Escritorio/Tesis/config.json Archivo incluido con exito.
Sat Mar 24 2012 14:17:58 GMT-0500 (Hora est. Pacífico, Sudamérica) D:/Escritorio/Tesis/plugins/ Es un directorio valido.
Sat Mar 24 2012 14:17:58 GMT-0500 (Hora est. Pacífico, Sudamérica) D:/Escritorio/Tesis/plugins/ Directorio Plugins valido.
Sat Mar 24 2012 14:17:58 GMT-0500 (Hora est. Pacífico, Sudamérica) D:/Escritorio/Tesis/plugins/ Plugins disponibles.
Sat Mar 24 2012 14:19:11 GMT-0500 (Hora est. Pacífico, Sudamérica) D:/Escritorio/Tesis/config.json Archivo incluido con exito.
Sat Mar 24 2012 14:19:11 GMT-0500 (Hora est. Pacífico, Sudamérica) D:/Escritorio/Tesis/plugins/ Es un directorio valido.
Sat Mar 24 2012 14:19:11 GMT-0500 (Hora est. Pacífico, Sudamérica) D:/Escritorio/Tesis/plugins/ Directorio Plugins valido.
Sat Mar 24 2012 14:19:11 GMT-0500 (Hora est. Pacífico, Sudamérica) D:/Escritorio/Tesis/plugins/ Plugins disponibles: myFirstPlugin.js,mySecondPlugin.js
Sat Mar 24 2012 14:19:29 GMT-0500 (Hora est. Pacífico, Sudamérica) D:/Escritorio/Tesis/config.json Archivo incluido con exito.
Sat Mar 24 2012 14:19:29 GMT-0500 (Hora est. Pacífico, Sudamérica) D:/Escritorio/Tesis/plugins/ Es un directorio valido.
Sat Mar 24 2012 14:19:29 GMT-0500 (Hora est. Pacífico, Sudamérica) D:/Escritorio/Tesis/plugins/ Directorio Plugins valido.
Sat Mar 24 2012 14:19:29 GMT-0500 (Hora est. Pacífico, Sudamérica) D:/Escritorio/Tesis/plugins/ Plugins disponibles: myFirstPlugin.js, mySecondPlugin.js
Sat Mar 24 2012 14:36:11 GMT-0500 (Hora est. Pacífico, Sudamérica) Api envocado.
Sat Mar 24 2012 14:36:11 GMT-0500 (Hora est. Pacífico, Sudamérica) D:/Escritorio/Tesis/config.json Archivo incluido con exito.
Sat Mar 24 2012 14:36:11 GMT-0500 (Hora est. Pacífico, Sudamérica) D:/Escritorio/Tesis/plugins/ Es un directorio valido.
Sat Mar 24 2012 14:36:11 GMT-0500 (Hora est. Pacífico, Sudamérica) D:/Escritorio/Tesis/plugins/ Directorio Plugins valido.
Sat Mar 24 2012 14:36:11 GMT-0500 (Hora est. Pacífico, Sudamérica) D:/Escritorio/Tesis/plugins/ Plugins disponibles: myFirstPlugin.js, mySecondPlugin.js
Sat Mar 24 2012 14:37:04 GMT-0500 (Hora est. Pacífico, Sudamérica) Api invocado.
Sat Mar 24 2012 14:37:04 GMT-0500 (Hora est. Pacífico, Sudamérica) D:/Escritorio/Tesis/config.json Archivo incluido con exito.
Sat Mar 24 2012 14:37:04 GMT-0500 (Hora est. Pacífico, Sudamérica) D:/Escritorio/Tesis/plugins/ Es un directorio valido.
Sat Mar 24 2012 14:37:04 GMT-0500 (Hora est. Pacífico, Sudamérica) D:/Escritorio/Tesis/plugins/ Directorio Plugins valido.
Sat Mar 24 2012 14:37:04 GMT-0500 (Hora est. Pacífico, Sudamérica) D:/Escritorio/Tesis/plugins/ Plugins disponibles: myFirstPlugin.js, mySecondPlugin.js
Sat Mar 24 2012 14:38:08 GMT-0500 (Hora est. Pacífico, Sudamérica) Api invocado.
Sat Mar 24 2012 14:38:08 GMT-0500 (Hora est. Pacífico, Sudamérica) D:/Escritorio/Tesis/config.json Archivo incluido con exito.
Sat Mar 24 2012 14:38:08 GMT-0500 (Hora est. Pacífico, Sudamérica) D:/Escritorio/Tesis/plugins/ Es un directorio valido.
Sat Mar 24 2012 14:38:08 GMT-0500 (Hora est. Pacífico, Sudamérica) D:/Escritorio/Tesis/plugins/ Directorio Plugins valido.
Sat Mar 24 2012 14:38:08 GMT-0500 (Hora est. Pacífico, Sudamérica) D:/Escritorio/Tesis/plugins/ Plugins disponibles: myFirstPlugin.js, mySecondPlugin.js
Sat Mar 24 2012 14:45:26 GMT-0500 (Hora est. Pacífico, Sudamérica) Api invocado.
Sat Mar 24 2012 14:45:26 GMT-0500 (Hora est. Pacífico, Sudamérica) D:/Escritorio/Tesis/config.json Archivo incluido con exito.
Sat Mar 24 2012 14:45:26 GMT-0500 (Hora est. Pacífico, Sudamérica) D:/Escritorio/Tesis/plugins/ Es un directorio valido.
Sat Mar 24 2012 14:45:26 GMT-0500 (Hora est. Pacífico, Sudamérica) D:/Escritorio/Tesis/plugins/ Directorio Plugins valido.
Sat Mar 24 2012 14:45:26 GMT-0500 (Hora est. Pacífico, Sudamérica) D:/Escritorio/Tesis/plugins/ Plugins disponibles: myFirstPlugin.js, mySecondPlugin.js
Sat Mar 24 2012 15:50:05 GMT-0500 (Hora est. Pacífico, Sudamérica) Api invocado.
Sat Mar 24 2012 15:50:05 GMT-0500 (Hora est. Pacífico, Sudamérica) D:/Escritorio/Tesis/config.json Archivo incluido con exito.
Sat Mar 24 2012 15:50:05 GMT-0500 (Hora est. Pacífico, Sudamérica) D:/Escritorio/Tesis/plugins/ Es un directorio valido.
Sat Mar 24 2012 15:50:05 GMT-0500 (Hora est. Pacífico, Sudamérica) D:/Escritorio/Tesis/plugins/ Directorio Plugins valido.
Sat Mar 24 2012 15:50:22 GMT-0500 (Hora est. Pacífico, Sudamérica) Api invocado.
Sat Mar 24 2012 15:50:22 GMT-0500 (Hora est. Pacífico, Sudamérica) D:/Escritorio/Tesis/config.json Archivo incluido con exito.
Sat Mar 24 2012 15:50:22 GMT-0500 (Hora est. Pacífico, Sudamérica) D:/Escritorio/Tesis/plugins/ Es un directorio valido.
Sat Mar 24 2012 15:50:22 GMT-0500 (Hora est. Pacífico, Sudamérica) D:/Escritorio/Tesis/plugins/ Directorio Plugins valido.
Sat Mar 24 2012 15:50:22 GMT-0500 (Hora est. Pacífico, Sudamérica) D:/Escritorio/Tesis/plugins/ Plugins disponibles: myFirstPlugin.js, mySecondPlugin.js
Sat Mar 24 2012 15:50:52 GMT-0500 (Hora est. Pacífico, Sudamérica) Api invocado.
Sat Mar 24 2012 15:50:52 GMT-0500 (Hora est. Pacífico, Sudamérica) D:/Escritorio/Tesis/config.json Archivo incluido con exito.
Sat Mar 24 2012 15:50:52 GMT-0500 (Hora est. Pacífico, Sudamérica) D:/Escritorio/Tesis/plugins/ Es un directorio valido.
Sat Mar 24 2012 15:50:52 GMT-0500 (Hora est. Pacífico, Sudamérica) D:/Escritorio/Tesis/plugins/ Directorio Plugins valido.
Sat Mar 24 2012 15:50:52 GMT-0500 (Hora est. Pacífico, Sudamérica) D:/Escritorio/Tesis/plugins/ Plugins disponibles: myFirstPlugin.js, mySecondPlugin.js
Sat Mar 24 2012 15:51:18 GMT-0500 (Hora est. Pacífico, Sudamérica) Api invocado.
Sat Mar 24 2012 15:51:18 GMT-0500 (Hora est. Pacífico, Sudamérica) D:/Escritorio/Tesis/config.json Archivo incluido con exito.
Sat Mar 24 2012 15:51:18 GMT-0500 (Hora est. Pacífico, Sudamérica) D:/Escritorio/Tesis/plugins/ Es un directorio valido.
Sat Mar 24 2012 15:51:18 GMT-0500 (Hora est. Pacífico, Sudamérica) D:/Escritorio/Tesis/plugins/ Directorio Plugins valido.
Sat Mar 24 2012 15:51:18 GMT-0500 (Hora est. Pacífico, Sudamérica) D:/Escritorio/Tesis/plugins/ Plugins disponibles: myFirstPlugin.js, mySecondPlugin.js
Sat Mar 24 2012 15:51:22 GMT-0500 (Hora est. Pacífico, Sudamérica) Api invocado.
Sat Mar 24 2012 15:51:22 GMT-0500 (Hora est. Pacífico, Sudamérica) D:/Escritorio/Tesis/config.json Archivo incluido con exito.
Sat Mar 24 2012 15:51:22 GMT-0500 (Hora est. Pacífico, Sudamérica) D:/Escritorio/Tesis/plugins/ Es un directorio valido.
Sat Mar 24 2012 15:51:22 GMT-0500 (Hora est. Pacífico, Sudamérica) D:/Escritorio/Tesis/plugins/ Directorio Plugins valido.
Sat Mar 24 2012 15:51:22 GMT-0500 (Hora est. Pacífico, Sudamérica) D:/Escritorio/Tesis/plugins/ Plugins disponibles: myFirstPlugin.js, mySecondPlugin.js
Sat Mar 24 2012 15:52:06 GMT-0500 (Hora est. Pacífico, Sudamérica) Api invocado.
Sat Mar 24 2012 15:52:06 GMT-0500 (Hora est. Pacífico, Sudamérica) D:/Escritorio/Tesis/config.json Archivo incluido con exito.
Sat Mar 24 2012 15:52:06 GMT-0500 (Hora est. Pacífico, Sudamérica) D:/Escritorio/Tesis/plugins/ Es un directorio valido.
Sat Mar 24 2012 15:52:06 GMT-0500 (Hora est. Pacífico, Sudamérica) D:/Escritorio/Tesis/plugins/ Directorio Plugins valido.
Sat Mar 24 2012 15:52:06 GMT-0500 (Hora est. Pacífico, Sudamérica) D:/Escritorio/Tesis/plugins/ Plugins disponibles: myFirstPlugin.js, mySecondPlugin.js
Sat Mar 24 2012 15:53:22 GMT-0500 (Hora est. Pacífico, Sudamérica) Api invocado.
Sat Mar 24 2012 15:53:22 GMT-0500 (Hora est. Pacífico, Sudamérica) D:/Escritorio/Tesis/config.json Archivo incluido con exito.
Sat Mar 24 2012 15:53:22 GMT-0500 (Hora est. Pacífico, Sudamérica) D:/Escritorio/Tesis/plugins/ Es un directorio valido.
Sat Mar 24 2012 15:53:22 GMT-0500 (Hora est. Pacífico, Sudamérica) D:/Escritorio/Tesis/plugins/ Directorio Plugins valido.
Sat Mar 24 2012 15:53:22 GMT-0500 (Hora est. Pacífico, Sudamérica) D:/Escritorio/Tesis/plugins/ Plugins disponibles: myFirstPlugin.js, mySecondPlugin.js
Sat Mar 24 2012 15:53:52 GMT-0500 (Hora est. Pacífico, Sudamérica) Api invocado.
Sat Mar 24 2012 15:53:52 GMT-0500 (Hora est. Pacífico, Sudamérica) D:/Escritorio/Tesis/config.json Archivo incluido con exito.
Sat Mar 24 2012 15:53:52 GMT-0500 (Hora est. Pacífico, Sudamérica) D:/Escritorio/Tesis/plugins/ Es un directorio valido.
Sat Mar 24 2012 15:53:52 GMT-0500 (Hora est. Pacífico, Sudamérica) D:/Escritorio/Tesis/plugins/ Directorio Plugins valido.
Sat Mar 24 2012 15:53:52 GMT-0500 (Hora est. Pacífico, Sudamérica) D:/Escritorio/Tesis/plugins/ Plugins disponibles: myFirstPlugin.js, mySecondPlugin.js
Sat Mar 24 2012 15:54:11 GMT-0500 (Hora est. Pacífico, Sudamérica) Api invocado.
Sat Mar 24 2012 15:54:11 GMT-0500 (Hora est. Pacífico, Sudamérica) D:/Escritorio/Tesis/config.json Archivo incluido con exito.
Sat Mar 24 2012 15:54:11 GMT-0500 (Hora est. Pacífico, Sudamérica) D:/Escritorio/Tesis/plugins/ Es un directorio valido.
Sat Mar 24 2012 15:54:11 GMT-0500 (Hora est. Pacífico, Sudamérica) D:/Escritorio/Tesis/plugins/ Directorio Plugins valido.
Sat Mar 24 2012 15:54:11 GMT-0500 (Hora est. Pacífico, Sudamérica) D:/Escritorio/Tesis/plugins/ Plugins disponibles: myFirstPlugin.js, mySecondPlugin.js
Sat Mar 24 2012 15:54:29 GMT-0500 (Hora est. Pacífico, Sudamérica) Api invocado.
Sat Mar 24 2012 15:54:29 GMT-0500 (Hora est. Pacífico, Sudamérica) D:/Escritorio/Tesis/config.json Archivo incluido con exito.
Sat Mar 24 2012 15:54:29 GMT-0500 (Hora est. Pacífico, Sudamérica) D:/Escritorio/Tesis/plugins/ Es un directorio valido.
Sat Mar 24 2012 15:54:29 GMT-0500 (Hora est. Pacífico, Sudamérica) D:/Escritorio/Tesis/plugins/ Directorio Plugins valido.
Sat Mar 24 2012 15:54:29 GMT-0500 (Hora est. Pacífico, Sudamérica) D:/Escritorio/Tesis/plugins/ Plugins disponibles: myFirstPlugin.js, mySecondPlugin.js
Sat Mar 24 2012 15:57:46 GMT-0500 (Hora est. Pacífico, Sudamérica) Api invocado.
Sat Mar 24 2012 15:57:46 GMT-0500 (Hora est. Pacífico, Sudamérica) D:/Escritorio/Tesis/config.json Archivo incluido con exito.
Sat Mar 24 2012 15:57:46 GMT-0500 (Hora est. Pacífico, Sudamérica) D:/Escritorio/Tesis/plugins/ Es un directorio valido.
Sat Mar 24 2012 15:57:46 GMT-0500 (Hora est. Pacífico, Sudamérica) D:/Escritorio/Tesis/plugins/ Directorio Plugins valido.
Sat Mar 24 2012 15:57:46 GMT-0500 (Hora est. Pacífico, Sudamérica) D:/Escritorio/Tesis/plugins/ Plugins disponibles: myFirstPlugin.js, mySecondPlugin.js
Sat Mar 24 2012 15:58:18 GMT-0500 (Hora est. Pacífico, Sudamérica) Api invocado.
Sat Mar 24 2012 15:58:18 GMT-0500 (Hora est. Pacífico, Sudamérica) D:/Escritorio/Tesis/config.json Archivo incluido con exito.
Sat Mar 24 2012 15:58:18 GMT-0500 (Hora est. Pacífico, Sudamérica) D:/Escritorio/Tesis/plugins/ Es un directorio valido.
Sat Mar 24 2012 15:58:18 GMT-0500 (Hora est. Pacífico, Sudamérica) D:/Escritorio/Tesis/plugins/ Directorio Plugins valido.
Sat Mar 24 2012 15:58:18 GMT-0500 (Hora est. Pacífico, Sudamérica) D:/Escritorio/Tesis/plugins/ Plugins disponibles: myFirstPlugin.js, mySecondPlugin.js
Sat Mar 24 2012 16:02:39 GMT-0500 (Hora est. Pacífico, Sudamérica) Api invocado.
Sat Mar 24 2012 16:02:39 GMT-0500 (Hora est. Pacífico, Sudamérica) D:/Escritorio/Tesis/config.json Archivo incluido con exito.
Sat Mar 24 2012 16:02:39 GMT-0500 (Hora est. Pacífico, Sudamérica) D:/Escritorio/Tesis/plugins/ Es un directorio valido.
Sat Mar 24 2012 16:02:39 GMT-0500 (Hora est. Pacífico, Sudamérica) D:/Escritorio/Tesis/plugins/ Directorio Plugins valido.
Sat Mar 24 2012 16:02:39 GMT-0500 (Hora est. Pacífico, Sudamérica) D:/Escritorio/Tesis/plugins/ Plugins disponibles: myFirstPlugin.js, mySecondPlugin.js
Sat Mar 24 2012 16:02:41 GMT-0500 (Hora est. Pacífico, Sudamérica) Api invocado.
Sat Mar 24 2012 16:02:41 GMT-0500 (Hora est. Pacífico, Sudamérica) D:/Escritorio/Tesis/config.json Archivo incluido con exito.
Sat Mar 24 2012 16:02:41 GMT-0500 (Hora est. Pacífico, Sudamérica) D:/Escritorio/Tesis/plugins/ Es un directorio valido.
Sat Mar 24 2012 16:02:41 GMT-0500 (Hora est. Pacífico, Sudamérica) D:/Escritorio/Tesis/plugins/ Directorio Plugins valido.
Sat Mar 24 2012 16:02:41 GMT-0500 (Hora est. Pacífico, Sudamérica) D:/Escritorio/Tesis/plugins/ Plugins disponibles: myFirstPlugin.js, mySecondPlugin.js
Sat Mar 24 2012 16:02:48 GMT-0500 (Hora est. Pacífico, Sudamérica) Api invocado.
Sat Mar 24 2012 16:02:48 GMT-0500 (Hora est. Pacífico, Sudamérica) D:/Escritorio/Tesis/config.json Archivo incluido con exito.
Sat Mar 24 2012 16:02:48 GMT-0500 (Hora est. Pacífico, Sudamérica) D:/Escritorio/Tesis/plugins/ Es un directorio valido.
Sat Mar 24 2012 16:02:48 GMT-0500 (Hora est. Pacífico, Sudamérica) D:/Escritorio/Tesis/plugins/ Directorio Plugins valido.
Sat Mar 24 2012 16:02:48 GMT-0500 (Hora est. Pacífico, Sudamérica) D:/Escritorio/Tesis/plugins/ Plugins disponibles: myFirstPlugin.js, mySecondPlugin.js
Sat Mar 24 2012 16:02:53 GMT-0500 (Hora est. Pacífico, Sudamérica) Api invocado.
Sat Mar 24 2012 16:02:53 GMT-0500 (Hora est. Pacífico, Sudamérica) D:/Escritorio/Tesis/config.json Archivo incluido con exito.
Sat Mar 24 2012 16:02:53 GMT-0500 (Hora est. Pacífico, Sudamérica) D:/Escritorio/Tesis/plugins/ Es un directorio valido.
Sat Mar 24 2012 16:02:53 GMT-0500 (Hora est. Pacífico, Sudamérica) D:/Escritorio/Tesis/plugins/ Directorio Plugins valido.
Sat Mar 24 2012 16:02:53 GMT-0500 (Hora est. Pacífico, Sudamérica) D:/Escritorio/Tesis/plugins/ Plugins disponibles: myFirstPlugin.js, mySecondPlugin.js
Sat Mar 24 2012 16:03:07 GMT-0500 (Hora est. Pacífico, Sudamérica) Api invocado.
Sat Mar 24 2012 16:03:07 GMT-0500 (Hora est. Pacífico, Sudamérica) D:/Escritorio/Tesis/config.json Archivo incluido con exito.
Sat Mar 24 2012 16:03:07 GMT-0500 (Hora est. Pacífico, Sudamérica) D:/Escritorio/Tesis/plugins/ Es un directorio valido.
Sat Mar 24 2012 16:03:07 GMT-0500 (Hora est. Pacífico, Sudamérica) D:/Escritorio/Tesis/plugins/ Directorio Plugins valido.
Sat Mar 24 2012 16:03:07 GMT-0500 (Hora est. Pacífico, Sudamérica) D:/Escritorio/Tesis/plugins/ Plugins disponibles: myFirstPlugin.js, mySecondPlugin.js
Sat Mar 24 2012 16:03:09 GMT-0500 (Hora est. Pacífico, Sudamérica) Api invocado.
Sat Mar 24 2012 16:03:09 GMT-0500 (Hora est. Pacífico, Sudamérica) D:/Escritorio/Tesis/config.json Archivo incluido con exito.
Sat Mar 24 2012 16:03:09 GMT-0500 (Hora est. Pacífico, Sudamérica) D:/Escritorio/Tesis/plugins/ Es un directorio valido.
Sat Mar 24 2012 16:03:09 GMT-0500 (Hora est. Pacífico, Sudamérica) D:/Escritorio/Tesis/plugins/ Directorio Plugins valido.
Sat Mar 24 2012 16:03:09 GMT-0500 (Hora est. Pacífico, Sudamérica) D:/Escritorio/Tesis/plugins/ Plugins disponibles: myFirstPlugin.js, mySecondPlugin.js
Sat Mar 24 2012 16:05:57 GMT-0500 (Hora est. Pacífico, Sudamérica) Api invocado.
Sat Mar 24 2012 16:05:57 GMT-0500 (Hora est. Pacífico, Sudamérica) D:/Escritorio/Tesis/config.json Archivo incluido con exito.
Sat Mar 24 2012 16:05:57 GMT-0500 (Hora est. Pacífico, Sudamérica) D:/Escritorio/Tesis/plugins/ Es un directorio valido.
Sat Mar 24 2012 16:05:57 GMT-0500 (Hora est. Pacífico, Sudamérica) D:/Escritorio/Tesis/plugins/ Directorio Plugins valido.
Sat Mar 24 2012 16:05:57 GMT-0500 (Hora est. Pacífico, Sudamérica) D:/Escritorio/Tesis/plugins/ Plugins disponibles: myFirstPlugin.js, mySecondPlugin.js
Sat Mar 24 2012 16:06:23 GMT-0500 (Hora est. Pacífico, Sudamérica) Api invocado.
Sat Mar 24 2012 16:06:23 GMT-0500 (Hora est. Pacífico, Sudamérica) D:/Escritorio/Tesis/config.json Archivo incluido con exito.
Sat Mar 24 2012 16:06:23 GMT-0500 (Hora est. Pacífico, Sudamérica) D:/Escritorio/Tesis/plugins/ Es un directorio valido.
Sat Mar 24 2012 16:06:23 GMT-0500 (Hora est. Pacífico, Sudamérica) D:/Escritorio/Tesis/plugins/ Directorio Plugins valido.
Sat Mar 24 2012 16:06:23 GMT-0500 (Hora est. Pacífico, Sudamérica) D:/Escritorio/Tesis/plugins/ Plugins disponibles: myFirstPlugin.js, mySecondPlugin.js
Sat Mar 24 2012 16:06:52 GMT-0500 (Hora est. Pacífico, Sudamérica) Api invocado.
Sat Mar 24 2012 16:06:52 GMT-0500 (Hora est. Pacífico, Sudamérica) D:/Escritorio/Tesis/config.json Archivo incluido con exito.
Sat Mar 24 2012 16:06:52 GMT-0500 (Hora est. Pacífico, Sudamérica) D:/Escritorio/Tesis/plugins/ Es un directorio valido.
Sat Mar 24 2012 16:06:52 GMT-0500 (Hora est. Pacífico, Sudamérica) D:/Escritorio/Tesis/plugins/ Directorio Plugins valido.
Sat Mar 24 2012 16:06:52 GMT-0500 (Hora est. Pacífico, Sudamérica) D:/Escritorio/Tesis/plugins/ Plugins disponibles: myFirstPlugin.js, mySecondPlugin.js
Sat Mar 24 2012 16:07:20 GMT-0500 (Hora est. Pacífico, Sudamérica) Api invocado.
Sat Mar 24 2012 16:07:20 GMT-0500 (Hora est. Pacífico, Sudamérica) D:/Escritorio/Tesis/config.json Archivo incluido con exito.
Sat Mar 24 2012 16:07:20 GMT-0500 (Hora est. Pacífico, Sudamérica) D:/Escritorio/Tesis/plugins/ Es un directorio valido.
Sat Mar 24 2012 16:07:20 GMT-0500 (Hora est. Pacífico, Sudamérica) D:/Escritorio/Tesis/plugins/ Directorio Plugins valido.
Sat Mar 24 2012 16:07:20 GMT-0500 (Hora est. Pacífico, Sudamérica) D:/Escritorio/Tesis/plugins/ Plugins disponibles: myFirstPlugin.js, mySecondPlugin.js
Sat Mar 24 2012 16:07:46 GMT-0500 (Hora est. Pacífico, Sudamérica) Api invocado.
Sat Mar 24 2012 16:07:46 GMT-0500 (Hora est. Pacífico, Sudamérica) D:/Escritorio/Tesis/config.json Archivo incluido con exito.
Sat Mar 24 2012 16:07:46 GMT-0500 (Hora est. Pacífico, Sudamérica) D:/Escritorio/Tesis/plugins/ Es un directorio valido.
Sat Mar 24 2012 16:07:46 GMT-0500 (Hora est. Pacífico, Sudamérica) D:/Escritorio/Tesis/plugins/ Directorio Plugins valido.
Sat Mar 24 2012 16:07:46 GMT-0500 (Hora est. Pacífico, Sudamérica) D:/Escritorio/Tesis/plugins/ Plugins disponibles: myFirstPlugin.js, mySecondPlugin.js
Sat Mar 24 2012 16:08:11 GMT-0500 (Hora est. Pacífico, Sudamérica) Api invocado.
Sat Mar 24 2012 16:08:11 GMT-0500 (Hora est. Pacífico, Sudamérica) D:/Escritorio/Tesis/config.json Archivo incluido con exito.
Sat Mar 24 2012 16:08:11 GMT-0500 (Hora est. Pacífico, Sudamérica) D:/Escritorio/Tesis/plugins/ Es un directorio valido.
Sat Mar 24 2012 16:08:11 GMT-0500 (Hora est. Pacífico, Sudamérica) D:/Escritorio/Tesis/plugins/ Directorio Plugins valido.
Sat Mar 24 2012 16:08:11 GMT-0500 (Hora est. Pacífico, Sudamérica) D:/Escritorio/Tesis/plugins/ Plugins disponibles: myFirstPlugin.js, mySecondPlugin.js
Sat Mar 24 2012 16:08:28 GMT-0500 (Hora est. Pacífico, Sudamérica) Api invocado.
Sat Mar 24 2012 16:08:28 GMT-0500 (Hora est. Pacífico, Sudamérica) D:/Escritorio/Tesis/config.json Archivo incluido con exito.
Sat Mar 24 2012 16:08:28 GMT-0500 (Hora est. Pacífico, Sudamérica) D:/Escritorio/Tesis/plugins/ Es un directorio valido.
Sat Mar 24 2012 16:08:28 GMT-0500 (Hora est. Pacífico, Sudamérica) D:/Escritorio/Tesis/plugins/ Directorio Plugins valido.
Sat Mar 24 2012 16:08:28 GMT-0500 (Hora est. Pacífico, Sudamérica) D:/Escritorio/Tesis/plugins/ Plugins disponibles: myFirstPlugin.js, mySecondPlugin.js
Sat Mar 24 2012 16:08:36 GMT-0500 (Hora est. Pacífico, Sudamérica) Api invocado.
Sat Mar 24 2012 16:08:36 GMT-0500 (Hora est. Pacífico, Sudamérica) D:/Escritorio/Tesis/config.json Archivo incluido con exito.
Sat Mar 24 2012 16:08:36 GMT-0500 (Hora est. Pacífico, Sudamérica) D:/Escritorio/Tesis/plugins/ Es un directorio valido.
Sat Mar 24 2012 16:08:36 GMT-0500 (Hora est. Pacífico, Sudamérica) D:/Escritorio/Tesis/plugins/ Directorio Plugins valido.
Sat Mar 24 2012 16:08:36 GMT-0500 (Hora est. Pacífico, Sudamérica) D:/Escritorio/Tesis/plugins/ Plugins disponibles: myFirstPlugin.js, mySecondPlugin.js
Sat Mar 24 2012 16:08:37 GMT-0500 (Hora est. Pacífico, Sudamérica) Api invocado.
Sat Mar 24 2012 16:08:37 GMT-0500 (Hora est. Pacífico, Sudamérica) D:/Escritorio/Tesis/config.json Archivo incluido con exito.
Sat Mar 24 2012 16:08:37 GMT-0500 (Hora est. Pacífico, Sudamérica) D:/Escritorio/Tesis/plugins/ Es un directorio valido.
Sat Mar 24 2012 16:08:37 GMT-0500 (Hora est. Pacífico, Sudamérica) D:/Escritorio/Tesis/plugins/ Directorio Plugins valido.
Sat Mar 24 2012 16:08:37 GMT-0500 (Hora est. Pacífico, Sudamérica) D:/Escritorio/Tesis/plugins/ Plugins disponibles: myFirstPlugin.js, mySecondPlugin.js
Sat Mar 24 2012 16:08:38 GMT-0500 (Hora est. Pacífico, Sudamérica) Api invocado.
Sat Mar 24 2012 16:08:38 GMT-0500 (Hora est. Pacífico, Sudamérica) D:/Escritorio/Tesis/config.json Archivo incluido con exito.
Sat Mar 24 2012 16:08:38 GMT-0500 (Hora est. Pacífico, Sudamérica) D:/Escritorio/Tesis/plugins/ Es un directorio valido.
Sat Mar 24 2012 16:08:38 GMT-0500 (Hora est. Pacífico, Sudamérica) D:/Escritorio/Tesis/plugins/ Directorio Plugins valido.
Sat Mar 24 2012 16:08:38 GMT-0500 (Hora est. Pacífico, Sudamérica) D:/Escritorio/Tesis/plugins/ Plugins disponibles: myFirstPlugin.js, mySecondPlugin.js
Sat Mar 24 2012 16:09:01 GMT-0500 (Hora est. Pacífico, Sudamérica) Api invocado.
Sat Mar 24 2012 16:09:01 GMT-0500 (Hora est. Pacífico, Sudamérica) D:/Escritorio/Tesis/config.json Archivo incluido con exito.
Sat Mar 24 2012 16:09:01 GMT-0500 (Hora est. Pacífico, Sudamérica) D:/Escritorio/Tesis/plugins/ Es un directorio valido.
Sat Mar 24 2012 16:09:01 GMT-0500 (Hora est. Pacífico, Sudamérica) D:/Escritorio/Tesis/plugins/ Directorio Plugins valido.
Sat Mar 24 2012 16:09:01 GMT-0500 (Hora est. Pacífico, Sudamérica) D:/Escritorio/Tesis/plugins/ Plugins disponibles: myFirstPlugin.js, mySecondPlugin.js
Sat Mar 24 2012 16:09:10 GMT-0500 (Hora est. Pacífico, Sudamérica) Api invocado.
Sat Mar 24 2012 16:09:10 GMT-0500 (Hora est. Pacífico, Sudamérica) D:/Escritorio/Tesis/config.json Archivo incluido con exito.
Sat Mar 24 2012 16:09:10 GMT-0500 (Hora est. Pacífico, Sudamérica) D:/Escritorio/Tesis/plugins/ Es un directorio valido.
Sat Mar 24 2012 16:09:10 GMT-0500 (Hora est. Pacífico, Sudamérica) D:/Escritorio/Tesis/plugins/ Directorio Plugins valido.
Sat Mar 24 2012 16:09:10 GMT-0500 (Hora est. Pacífico, Sudamérica) D:/Escritorio/Tesis/plugins/ Plugins disponibles: myFirstPlugin.js, mySecondPlugin.js
Sat Mar 24 2012 16:14:12 GMT-0500 (Hora est. Pacífico, Sudamérica) Api invocado.
Sat Mar 24 2012 16:14:12 GMT-0500 (Hora est. Pacífico, Sudamérica) D:/Escritorio/Tesis/config.json Archivo incluido con exito.
Sat Mar 24 2012 16:14:12 GMT-0500 (Hora est. Pacífico, Sudamérica) D:/Escritorio/Tesis/plugins/ Es un directorio valido.
Sat Mar 24 2012 16:14:12 GMT-0500 (Hora est. Pacífico, Sudamérica) D:/Escritorio/Tesis/plugins/ Directorio Plugins valido.
Sat Mar 24 2012 16:14:12 GMT-0500 (Hora est. Pacífico, Sudamérica) D:/Escritorio/Tesis/plugins/ Plugins disponibles: ., .., myFirstPlugin.js, mySecondPlugin.js
Sat Mar 24 2012 16:14:30 GMT-0500 (Hora est. Pacífico, Sudamérica) Api invocado.
Sat Mar 24 2012 16:14:30 GMT-0500 (Hora est. Pacífico, Sudamérica) D:/Escritorio/Tesis/config.json Archivo incluido con exito.
Sat Mar 24 2012 16:14:30 GMT-0500 (Hora est. Pacífico, Sudamérica) D:/Escritorio/Tesis/plugins/ Es un directorio valido.
Sat Mar 24 2012 16:14:30 GMT-0500 (Hora est. Pacífico, Sudamérica) D:/Escritorio/Tesis/plugins/ Directorio Plugins valido.
Sat Mar 24 2012 16:14:30 GMT-0500 (Hora est. Pacífico, Sudamérica) D:/Escritorio/Tesis/plugins/ Plugins disponibles: ., .., myFirstPlugin.js, mySecondPlugin.js
Sat Mar 24 2012 16:15:23 GMT-0500 (Hora est. Pacífico, Sudamérica) Api invocado.
Sat Mar 24 2012 16:15:23 GMT-0500 (Hora est. Pacífico, Sudamérica) D:/Escritorio/Tesis/config.json Archivo incluido con exito.
Sat Mar 24 2012 16:15:23 GMT-0500 (Hora est. Pacífico, Sudamérica) D:/Escritorio/Tesis/plugins/ Es un directorio valido.
Sat Mar 24 2012 16:15:23 GMT-0500 (Hora est. Pacífico, Sudamérica) D:/Escritorio/Tesis/plugins/ Directorio Plugins valido.
Sat Mar 24 2012 16:15:23 GMT-0500 (Hora est. Pacífico, Sudamérica) D:/Escritorio/Tesis/plugins/ Plugins disponibles: ., .., myFirstPlugin.js, mySecondPlugin.js
Sat Mar 24 2012 16:22:29 GMT-0500 (Hora est. Pacífico, Sudamérica) Api invocado.
Sat Mar 24 2012 16:22:29 GMT-0500 (Hora est. Pacífico, Sudamérica) D:/Escritorio/Tesis/config.json Archivo incluido con exito.
Sat Mar 24 2012 16:22:29 GMT-0500 (Hora est. Pacífico, Sudamérica) D:/Escritorio/Tesis/plugins/ Es un directorio valido.
Sat Mar 24 2012 16:22:29 GMT-0500 (Hora est. Pacífico, Sudamérica) D:/Escritorio/Tesis/plugins/ Directorio Plugins valido.
Sat Mar 24 2012 16:22:29 GMT-0500 (Hora est. Pacífico, Sudamérica) myFirstPlugin.js Archivo valido
Sat Mar 24 2012 16:22:29 GMT-0500 (Hora est. Pacífico, Sudamérica) mySecondPlugin.js Archivo valido
Sat Mar 24 2012 16:22:46 GMT-0500 (Hora est. Pacífico, Sudamérica) Api invocado.
Sat Mar 24 2012 16:22:46 GMT-0500 (Hora est. Pacífico, Sudamérica) D:/Escritorio/Tesis/config.json Archivo incluido con exito.
Sat Mar 24 2012 16:22:46 GMT-0500 (Hora est. Pacífico, Sudamérica) D:/Escritorio/Tesis/plugins/ Es un directorio valido.
Sat Mar 24 2012 16:22:46 GMT-0500 (Hora est. Pacífico, Sudamérica) D:/Escritorio/Tesis/plugins/ Directorio Plugins valido.
Sat Mar 24 2012 16:22:46 GMT-0500 (Hora est. Pacífico, Sudamérica) myFirstPlugin.js Archivo valido
Sat Mar 24 2012 16:22:46 GMT-0500 (Hora est. Pacífico, Sudamérica) mySecondPlugin.js Archivo valido
Sat Mar 24 2012 16:23:07 GMT-0500 (Hora est. Pacífico, Sudamérica) Api invocado.
Sat Mar 24 2012 16:23:07 GMT-0500 (Hora est. Pacífico, Sudamérica) D:/Escritorio/Tesis/config.json Archivo incluido con exito.
Sat Mar 24 2012 16:23:07 GMT-0500 (Hora est. Pacífico, Sudamérica) D:/Escritorio/Tesis/plugins/ Es un directorio valido.
Sat Mar 24 2012 16:23:07 GMT-0500 (Hora est. Pacífico, Sudamérica) D:/Escritorio/Tesis/plugins/ Directorio Plugins valido.
Sat Mar 24 2012 16:23:07 GMT-0500 (Hora est. Pacífico, Sudamérica) myFirstPlugin.js Archivo valido
Sat Mar 24 2012 16:23:07 GMT-0500 (Hora est. Pacífico, Sudamérica) mySecondPlugin.js Archivo valido
Sat Mar 24 2012 16:23:22 GMT-0500 (Hora est. Pacífico, Sudamérica) Api invocado.
Sat Mar 24 2012 16:23:22 GMT-0500 (Hora est. Pacífico, Sudamérica) D:/Escritorio/Tesis/config.json Archivo incluido con exito.
Sat Mar 24 2012 16:23:22 GMT-0500 (Hora est. Pacífico, Sudamérica) D:/Escritorio/Tesis/plugins/ Es un directorio valido.
Sat Mar 24 2012 16:23:22 GMT-0500 (Hora est. Pacífico, Sudamérica) D:/Escritorio/Tesis/plugins/ Directorio Plugins valido.
Sat Mar 24 2012 16:23:22 GMT-0500 (Hora est. Pacífico, Sudamérica) myFirstPlugin.js Archivo valido
Sat Mar 24 2012 16:23:22 GMT-0500 (Hora est. Pacífico, Sudamérica) mySecondPlugin.js Archivo valido
Sat Mar 24 2012 16:23:36 GMT-0500 (Hora est. Pacífico, Sudamérica) Api invocado.
Sat Mar 24 2012 16:23:36 GMT-0500 (Hora est. Pacífico, Sudamérica) D:/Escritorio/Tesis/config.json Archivo incluido con exito.
Sat Mar 24 2012 16:23:36 GMT-0500 (Hora est. Pacífico, Sudamérica) D:/Escritorio/Tesis/plugins/ Es un directorio valido.
Sat Mar 24 2012 16:23:36 GMT-0500 (Hora est. Pacífico, Sudamérica) D:/Escritorio/Tesis/plugins/ Directorio Plugins valido.
Sat Mar 24 2012 16:23:36 GMT-0500 (Hora est. Pacífico, Sudamérica) myFirstPlugin.js Archivo valido
Sat Mar 24 2012 16:23:36 GMT-0500 (Hora est. Pacífico, Sudamérica) mySecondPlugin.js Archivo valido
