info:	Sun Apr 08 2012 20:47:01 GMT-0500 (Hora est. Pacífico, Sudamérica) Api started
info:	Sun Apr 08 2012 20:47:01 GMT-0500 (Hora est. Pacífico, Sudamérica) Loading: D:/Escritorio/Tesis/software/src/../config.json
info:	Sun Apr 08 2012 20:47:01 GMT-0500 (Hora est. Pacífico, Sudamérica) D:/Escritorio/Tesis/software/config.json file included succesfully!
info:	Sun Apr 08 2012 20:47:01 GMT-0500 (Hora est. Pacífico, Sudamérica) D:/Escritorio/Tesis/software/src/../config.json Loading configuration parameters ...
info:	Sun Apr 08 2012 20:47:01 GMT-0500 (Hora est. Pacífico, Sudamérica) Plugins path loaded!
info:	Sun Apr 08 2012 20:47:01 GMT-0500 (Hora est. Pacífico, Sudamérica) Includes path loaded!
info:	Sun Apr 08 2012 20:47:01 GMT-0500 (Hora est. Pacífico, Sudamérica) CasperJS path loaded!
info:	Sun Apr 08 2012 20:47:01 GMT-0500 (Hora est. Pacífico, Sudamérica) Timeout parameter loaded!
info:	Sun Apr 08 2012 20:47:01 GMT-0500 (Hora est. Pacífico, Sudamérica) Configuration parameters loaded!
info:	Sun Apr 08 2012 20:47:01 GMT-0500 (Hora est. Pacífico, Sudamérica) readPluginsPath function called!
info:	Sun Apr 08 2012 20:47:01 GMT-0500 (Hora est. Pacífico, Sudamérica) List the plugins of directory: D:/Escritorio/Tesis/software/plugins
debug:	Sun Apr 08 2012 20:47:01 GMT-0500 (Hora est. Pacífico, Sudamérica) Directory isn't empty: D:/Escritorio/Tesis/software/plugins
info:	Sun Apr 08 2012 20:47:01 GMT-0500 (Hora est. Pacífico, Sudamérica) Scanning directory:D:/Escritorio/Tesis/software/plugins/NoFound404Plugin/
info:	Sun Apr 08 2012 20:47:01 GMT-0500 (Hora est. Pacífico, Sudamérica) Directory valid: D:/Escritorio/Tesis/software/plugins/NoFound404Plugin/
info:	Sun Apr 08 2012 20:47:01 GMT-0500 (Hora est. Pacífico, Sudamérica) Plugin file found!: D:/Escritorio/Tesis/software/plugins/NoFound404Plugin/NoFound404Plugin.js
info:	Sun Apr 08 2012 20:47:01 GMT-0500 (Hora est. Pacífico, Sudamérica) Config plugin file no found!: D:/Escritorio/Tesis/software/plugins/NoFound404Plugin/config_NoFound404Plugin.js
info:	Sun Apr 08 2012 20:47:01 GMT-0500 (Hora est. Pacífico, Sudamérica) Scanning directory:D:/Escritorio/Tesis/software/plugins/TiempoEjecucionPlugin/
info:	Sun Apr 08 2012 20:47:01 GMT-0500 (Hora est. Pacífico, Sudamérica) Directory valid: D:/Escritorio/Tesis/software/plugins/TiempoEjecucionPlugin/
info:	Sun Apr 08 2012 20:47:01 GMT-0500 (Hora est. Pacífico, Sudamérica) Plugin file found!: D:/Escritorio/Tesis/software/plugins/TiempoEjecucionPlugin/TiempoEjecucionPlugin.js
info:	Sun Apr 08 2012 20:47:01 GMT-0500 (Hora est. Pacífico, Sudamérica) Config plugin file no found!: D:/Escritorio/Tesis/software/plugins/TiempoEjecucionPlugin/config_TiempoEjecucionPlugin.js
undefined:	Sun Apr 08 2012 20:47:01 GMT-0500 (Hora est. Pacífico, Sudamérica) plugin :NoFound404Plugin...started
info:	Sun Apr 08 2012 20:47:01 GMT-0500 (Hora est. Pacífico, Sudamérica) D:/Escritorio/Tesis/software/plugins/NoFound404Plugin/NoFound404Plugin.js file included succesfully!
info:	Sun Apr 08 2012 20:47:01 GMT-0500 (Hora est. Pacífico, Sudamérica) D:/Escritorio/Tesis/software/src/bin/PublicAPI.js file included succesfully!
info:	Sun Apr 08 2012 20:52:22 GMT-0500 (Hora est. Pacífico, Sudamérica) Api started
info:	Sun Apr 08 2012 20:52:22 GMT-0500 (Hora est. Pacífico, Sudamérica) Loading: D:/Escritorio/Tesis/software/src/../config.json
info:	Sun Apr 08 2012 20:52:22 GMT-0500 (Hora est. Pacífico, Sudamérica) D:/Escritorio/Tesis/software/config.json File included succesfully!
info:	Sun Apr 08 2012 20:52:22 GMT-0500 (Hora est. Pacífico, Sudamérica) D:/Escritorio/Tesis/software/src/../config.json Loading configuration parameters ...
info:	Sun Apr 08 2012 20:52:22 GMT-0500 (Hora est. Pacífico, Sudamérica) Plugins path loaded!
info:	Sun Apr 08 2012 20:52:22 GMT-0500 (Hora est. Pacífico, Sudamérica) Includes path loaded!
info:	Sun Apr 08 2012 20:52:22 GMT-0500 (Hora est. Pacífico, Sudamérica) CasperJS path loaded!
info:	Sun Apr 08 2012 20:52:22 GMT-0500 (Hora est. Pacífico, Sudamérica) Timeout parameter loaded!
info:	Sun Apr 08 2012 20:52:22 GMT-0500 (Hora est. Pacífico, Sudamérica) Configuration parameters loaded!
info:	Sun Apr 08 2012 20:52:22 GMT-0500 (Hora est. Pacífico, Sudamérica) readPluginsPath function called!
info:	Sun Apr 08 2012 20:52:22 GMT-0500 (Hora est. Pacífico, Sudamérica) List the plugins of directory: D:/Escritorio/Tesis/software/plugins
debug:	Sun Apr 08 2012 20:52:22 GMT-0500 (Hora est. Pacífico, Sudamérica) Directory isn't empty: D:/Escritorio/Tesis/software/plugins
info:	Sun Apr 08 2012 20:52:22 GMT-0500 (Hora est. Pacífico, Sudamérica) Scanning directory:D:/Escritorio/Tesis/software/plugins/NoFound404Plugin/
info:	Sun Apr 08 2012 20:52:22 GMT-0500 (Hora est. Pacífico, Sudamérica) Directory valid: D:/Escritorio/Tesis/software/plugins/NoFound404Plugin/
info:	Sun Apr 08 2012 20:52:22 GMT-0500 (Hora est. Pacífico, Sudamérica) Plugin file found!: D:/Escritorio/Tesis/software/plugins/NoFound404Plugin/NoFound404Plugin.js
info:	Sun Apr 08 2012 20:52:22 GMT-0500 (Hora est. Pacífico, Sudamérica) Config plugin file no found!: D:/Escritorio/Tesis/software/plugins/NoFound404Plugin/config_NoFound404Plugin.js
info:	Sun Apr 08 2012 20:52:22 GMT-0500 (Hora est. Pacífico, Sudamérica) Scanning directory:D:/Escritorio/Tesis/software/plugins/TiempoEjecucionPlugin/
info:	Sun Apr 08 2012 20:52:22 GMT-0500 (Hora est. Pacífico, Sudamérica) Directory valid: D:/Escritorio/Tesis/software/plugins/TiempoEjecucionPlugin/
info:	Sun Apr 08 2012 20:52:22 GMT-0500 (Hora est. Pacífico, Sudamérica) Plugin file found!: D:/Escritorio/Tesis/software/plugins/TiempoEjecucionPlugin/TiempoEjecucionPlugin.js
info:	Sun Apr 08 2012 20:52:22 GMT-0500 (Hora est. Pacífico, Sudamérica) Config plugin file no found!: D:/Escritorio/Tesis/software/plugins/TiempoEjecucionPlugin/config_TiempoEjecucionPlugin.js
undefined:	Sun Apr 08 2012 20:52:22 GMT-0500 (Hora est. Pacífico, Sudamérica) plugin :NoFound404Plugin...started
info:	Sun Apr 08 2012 20:52:22 GMT-0500 (Hora est. Pacífico, Sudamérica) D:/Escritorio/Tesis/software/plugins/NoFound404Plugin/NoFound404Plugin.js File included succesfully!
info:	Sun Apr 08 2012 20:52:22 GMT-0500 (Hora est. Pacífico, Sudamérica) D:/Escritorio/Tesis/software/src/bin/PublicAPI.js File included succesfully!
info:	Sun Apr 08 2012 21:01:00 GMT-0500 (Hora est. Pacífico, Sudamérica) Api started
info:	Sun Apr 08 2012 21:01:00 GMT-0500 (Hora est. Pacífico, Sudamérica) readConfig function called!
info:	Sun Apr 08 2012 21:01:00 GMT-0500 (Hora est. Pacífico, Sudamérica) Loading: D:/Escritorio/Tesis/software/src/../config.json
info:	Sun Apr 08 2012 21:01:00 GMT-0500 (Hora est. Pacífico, Sudamérica) D:/Escritorio/Tesis/software/config.json File included succesfully!
info:	Sun Apr 08 2012 21:01:00 GMT-0500 (Hora est. Pacífico, Sudamérica) D:/Escritorio/Tesis/software/src/../config.json Loading configuration parameters ...
info:	Sun Apr 08 2012 21:01:00 GMT-0500 (Hora est. Pacífico, Sudamérica) Plugins path loaded!
info:	Sun Apr 08 2012 21:01:00 GMT-0500 (Hora est. Pacífico, Sudamérica) Includes path loaded!
info:	Sun Apr 08 2012 21:01:00 GMT-0500 (Hora est. Pacífico, Sudamérica) CasperJS path loaded!
info:	Sun Apr 08 2012 21:01:00 GMT-0500 (Hora est. Pacífico, Sudamérica) Timeout parameter loaded!
info:	Sun Apr 08 2012 21:01:00 GMT-0500 (Hora est. Pacífico, Sudamérica) Configuration parameters loaded!
info:	Sun Apr 08 2012 21:01:00 GMT-0500 (Hora est. Pacífico, Sudamérica) readPluginsPath function called!
info:	Sun Apr 08 2012 21:01:00 GMT-0500 (Hora est. Pacífico, Sudamérica) List the plugins of directory: D:/Escritorio/Tesis/software/plugins
debug:	Sun Apr 08 2012 21:01:00 GMT-0500 (Hora est. Pacífico, Sudamérica) Directory isn't empty: D:/Escritorio/Tesis/software/plugins
info:	Sun Apr 08 2012 21:01:00 GMT-0500 (Hora est. Pacífico, Sudamérica) Scanning directory:D:/Escritorio/Tesis/software/plugins/NoFound404Plugin/
info:	Sun Apr 08 2012 21:01:00 GMT-0500 (Hora est. Pacífico, Sudamérica) Directory valid: D:/Escritorio/Tesis/software/plugins/NoFound404Plugin/
info:	Sun Apr 08 2012 21:01:00 GMT-0500 (Hora est. Pacífico, Sudamérica) Plugin file found!: D:/Escritorio/Tesis/software/plugins/NoFound404Plugin/NoFound404Plugin.js
info:	Sun Apr 08 2012 21:01:00 GMT-0500 (Hora est. Pacífico, Sudamérica) Config plugin file no found!: D:/Escritorio/Tesis/software/plugins/NoFound404Plugin/config_NoFound404Plugin.js
info:	Sun Apr 08 2012 21:01:00 GMT-0500 (Hora est. Pacífico, Sudamérica) Scanning directory:D:/Escritorio/Tesis/software/plugins/TiempoEjecucionPlugin/
info:	Sun Apr 08 2012 21:01:00 GMT-0500 (Hora est. Pacífico, Sudamérica) Directory valid: D:/Escritorio/Tesis/software/plugins/TiempoEjecucionPlugin/
info:	Sun Apr 08 2012 21:01:00 GMT-0500 (Hora est. Pacífico, Sudamérica) Plugin file found!: D:/Escritorio/Tesis/software/plugins/TiempoEjecucionPlugin/TiempoEjecucionPlugin.js
info:	Sun Apr 08 2012 21:01:00 GMT-0500 (Hora est. Pacífico, Sudamérica) Config plugin file no found!: D:/Escritorio/Tesis/software/plugins/TiempoEjecucionPlugin/config_TiempoEjecucionPlugin.js
info:	Sun Apr 08 2012 21:01:00 GMT-0500 (Hora est. Pacífico, Sudamérica) runPlugins function called!
debug:	Sun Apr 08 2012 21:01:00 GMT-0500 (Hora est. Pacífico, Sudamérica) Plugins found!
debug:	Sun Apr 08 2012 21:01:00 GMT-0500 (Hora est. Pacífico, Sudamérica) Current plugin: NoFound404Plugin, state: stop
undefined:	Sun Apr 08 2012 21:01:00 GMT-0500 (Hora est. Pacífico, Sudamérica) plugin :NoFound404Plugin...started
info:	Sun Apr 08 2012 21:01:00 GMT-0500 (Hora est. Pacífico, Sudamérica) D:/Escritorio/Tesis/software/plugins/NoFound404Plugin/NoFound404Plugin.js File included succesfully!
info:	Sun Apr 08 2012 21:01:00 GMT-0500 (Hora est. Pacífico, Sudamérica) D:/Escritorio/Tesis/software/src/bin/PublicAPI.js File included succesfully!
info:	Sun Apr 08 2012 21:03:45 GMT-0500 (Hora est. Pacífico, Sudamérica) Api started
info:	Sun Apr 08 2012 21:03:45 GMT-0500 (Hora est. Pacífico, Sudamérica) readConfig function called!
info:	Sun Apr 08 2012 21:03:45 GMT-0500 (Hora est. Pacífico, Sudamérica) Loading: D:/Escritorio/Tesis/software/src/../config.json
info:	Sun Apr 08 2012 21:03:45 GMT-0500 (Hora est. Pacífico, Sudamérica) D:/Escritorio/Tesis/software/config.json File included succesfully!
info:	Sun Apr 08 2012 21:03:45 GMT-0500 (Hora est. Pacífico, Sudamérica) D:/Escritorio/Tesis/software/src/../config.json Loading configuration parameters ...
info:	Sun Apr 08 2012 21:03:45 GMT-0500 (Hora est. Pacífico, Sudamérica) Plugins path loaded!
info:	Sun Apr 08 2012 21:03:45 GMT-0500 (Hora est. Pacífico, Sudamérica) Includes path loaded!
info:	Sun Apr 08 2012 21:03:45 GMT-0500 (Hora est. Pacífico, Sudamérica) CasperJS path loaded!
info:	Sun Apr 08 2012 21:03:45 GMT-0500 (Hora est. Pacífico, Sudamérica) Timeout parameter loaded!
info:	Sun Apr 08 2012 21:03:45 GMT-0500 (Hora est. Pacífico, Sudamérica) Configuration parameters loaded!
info:	Sun Apr 08 2012 21:03:45 GMT-0500 (Hora est. Pacífico, Sudamérica) readPluginsPath function called!
info:	Sun Apr 08 2012 21:03:45 GMT-0500 (Hora est. Pacífico, Sudamérica) List the plugins of directory: D:/Escritorio/Tesis/software/plugins
debug:	Sun Apr 08 2012 21:03:45 GMT-0500 (Hora est. Pacífico, Sudamérica) Directory isn't empty: D:/Escritorio/Tesis/software/plugins
info:	Sun Apr 08 2012 21:03:45 GMT-0500 (Hora est. Pacífico, Sudamérica) Scanning directory:D:/Escritorio/Tesis/software/plugins/NoFound404Plugin/
info:	Sun Apr 08 2012 21:03:45 GMT-0500 (Hora est. Pacífico, Sudamérica) Directory valid: D:/Escritorio/Tesis/software/plugins/NoFound404Plugin/
info:	Sun Apr 08 2012 21:03:45 GMT-0500 (Hora est. Pacífico, Sudamérica) Plugin file found!: D:/Escritorio/Tesis/software/plugins/NoFound404Plugin/NoFound404Plugin.js
info:	Sun Apr 08 2012 21:03:45 GMT-0500 (Hora est. Pacífico, Sudamérica) Config plugin file no found!: D:/Escritorio/Tesis/software/plugins/NoFound404Plugin/config_NoFound404Plugin.js
info:	Sun Apr 08 2012 21:03:45 GMT-0500 (Hora est. Pacífico, Sudamérica) Scanning directory:D:/Escritorio/Tesis/software/plugins/TiempoEjecucionPlugin/
info:	Sun Apr 08 2012 21:03:45 GMT-0500 (Hora est. Pacífico, Sudamérica) Directory valid: D:/Escritorio/Tesis/software/plugins/TiempoEjecucionPlugin/
info:	Sun Apr 08 2012 21:03:45 GMT-0500 (Hora est. Pacífico, Sudamérica) Plugin file found!: D:/Escritorio/Tesis/software/plugins/TiempoEjecucionPlugin/TiempoEjecucionPlugin.js
info:	Sun Apr 08 2012 21:03:45 GMT-0500 (Hora est. Pacífico, Sudamérica) Config plugin file no found!: D:/Escritorio/Tesis/software/plugins/TiempoEjecucionPlugin/config_TiempoEjecucionPlugin.js
info:	Sun Apr 08 2012 21:03:45 GMT-0500 (Hora est. Pacífico, Sudamérica) runPlugins function called!
debug:	Sun Apr 08 2012 21:03:45 GMT-0500 (Hora est. Pacífico, Sudamérica) Plugins found!
debug:	Sun Apr 08 2012 21:03:45 GMT-0500 (Hora est. Pacífico, Sudamérica) Current plugin: NoFound404Plugin, state: stop
undefined:	Sun Apr 08 2012 21:03:45 GMT-0500 (Hora est. Pacífico, Sudamérica) plugin :NoFound404Plugin...started
info:	Sun Apr 08 2012 21:03:45 GMT-0500 (Hora est. Pacífico, Sudamérica) D:/Escritorio/Tesis/software/plugins/NoFound404Plugin/NoFound404Plugin.js File included succesfully!
info:	Sun Apr 08 2012 21:03:45 GMT-0500 (Hora est. Pacífico, Sudamérica) D:/Escritorio/Tesis/software/src/bin/PublicAPI.js File included succesfully!
info:	Sun Apr 08 2012 21:07:31 GMT-0500 (Hora est. Pacífico, Sudamérica) Api started
info:	Sun Apr 08 2012 21:07:31 GMT-0500 (Hora est. Pacífico, Sudamérica) readConfig function called!
info:	Sun Apr 08 2012 21:07:31 GMT-0500 (Hora est. Pacífico, Sudamérica) Loading: D:/Escritorio/Tesis/software/src/../config.json
info:	Sun Apr 08 2012 21:07:31 GMT-0500 (Hora est. Pacífico, Sudamérica) D:/Escritorio/Tesis/software/config.json File included succesfully!
info:	Sun Apr 08 2012 21:07:31 GMT-0500 (Hora est. Pacífico, Sudamérica) D:/Escritorio/Tesis/software/src/../config.json Loading configuration parameters ...
info:	Sun Apr 08 2012 21:07:31 GMT-0500 (Hora est. Pacífico, Sudamérica) Plugins path loaded!
info:	Sun Apr 08 2012 21:07:31 GMT-0500 (Hora est. Pacífico, Sudamérica) Includes path loaded!
info:	Sun Apr 08 2012 21:07:31 GMT-0500 (Hora est. Pacífico, Sudamérica) CasperJS path loaded!
info:	Sun Apr 08 2012 21:07:31 GMT-0500 (Hora est. Pacífico, Sudamérica) Timeout parameter loaded!
info:	Sun Apr 08 2012 21:07:31 GMT-0500 (Hora est. Pacífico, Sudamérica) Configuration parameters loaded!
info:	Sun Apr 08 2012 21:07:31 GMT-0500 (Hora est. Pacífico, Sudamérica) readPluginsPath function called!
info:	Sun Apr 08 2012 21:07:31 GMT-0500 (Hora est. Pacífico, Sudamérica) List the plugins of directory: D:/Escritorio/Tesis/software/plugins
debug:	Sun Apr 08 2012 21:07:31 GMT-0500 (Hora est. Pacífico, Sudamérica) Directory isn't empty: D:/Escritorio/Tesis/software/plugins
info:	Sun Apr 08 2012 21:07:31 GMT-0500 (Hora est. Pacífico, Sudamérica) Scanning directory:D:/Escritorio/Tesis/software/plugins/NoFound404Plugin/
info:	Sun Apr 08 2012 21:07:31 GMT-0500 (Hora est. Pacífico, Sudamérica) Directory valid: D:/Escritorio/Tesis/software/plugins/NoFound404Plugin/
info:	Sun Apr 08 2012 21:07:31 GMT-0500 (Hora est. Pacífico, Sudamérica) Plugin file found!: D:/Escritorio/Tesis/software/plugins/NoFound404Plugin/NoFound404Plugin.js
info:	Sun Apr 08 2012 21:07:31 GMT-0500 (Hora est. Pacífico, Sudamérica) Config plugin file no found!: D:/Escritorio/Tesis/software/plugins/NoFound404Plugin/config_NoFound404Plugin.js
info:	Sun Apr 08 2012 21:07:31 GMT-0500 (Hora est. Pacífico, Sudamérica) Scanning directory:D:/Escritorio/Tesis/software/plugins/TiempoEjecucionPlugin/
info:	Sun Apr 08 2012 21:07:31 GMT-0500 (Hora est. Pacífico, Sudamérica) Directory valid: D:/Escritorio/Tesis/software/plugins/TiempoEjecucionPlugin/
info:	Sun Apr 08 2012 21:07:31 GMT-0500 (Hora est. Pacífico, Sudamérica) Plugin file found!: D:/Escritorio/Tesis/software/plugins/TiempoEjecucionPlugin/TiempoEjecucionPlugin.js
info:	Sun Apr 08 2012 21:07:31 GMT-0500 (Hora est. Pacífico, Sudamérica) Config plugin file no found!: D:/Escritorio/Tesis/software/plugins/TiempoEjecucionPlugin/config_TiempoEjecucionPlugin.js
info:	Sun Apr 08 2012 21:07:31 GMT-0500 (Hora est. Pacífico, Sudamérica) runPlugins function called!
debug:	Sun Apr 08 2012 21:07:31 GMT-0500 (Hora est. Pacífico, Sudamérica) Plugins found!
debug:	Sun Apr 08 2012 21:07:31 GMT-0500 (Hora est. Pacífico, Sudamérica) Current plugin: NoFound404Plugin, state: stop
undefined:	Sun Apr 08 2012 21:07:31 GMT-0500 (Hora est. Pacífico, Sudamérica) plugin :NoFound404Plugin...started
info:	Sun Apr 08 2012 21:07:31 GMT-0500 (Hora est. Pacífico, Sudamérica) D:/Escritorio/Tesis/software/plugins/NoFound404Plugin/NoFound404Plugin.js File included succesfully!
info:	Sun Apr 08 2012 21:07:31 GMT-0500 (Hora est. Pacífico, Sudamérica) D:/Escritorio/Tesis/software/src/bin/PublicAPI.js File included succesfully!
info:	Sun Apr 08 2012 21:08:38 GMT-0500 (Hora est. Pacífico, Sudamérica) Api started
info:	Sun Apr 08 2012 21:08:38 GMT-0500 (Hora est. Pacífico, Sudamérica) readConfig function called!
info:	Sun Apr 08 2012 21:08:38 GMT-0500 (Hora est. Pacífico, Sudamérica) Loading: D:/Escritorio/Tesis/software/src/../config.json
info:	Sun Apr 08 2012 21:08:38 GMT-0500 (Hora est. Pacífico, Sudamérica) D:/Escritorio/Tesis/software/config.json File included succesfully!
info:	Sun Apr 08 2012 21:08:38 GMT-0500 (Hora est. Pacífico, Sudamérica) D:/Escritorio/Tesis/software/src/../config.json Loading configuration parameters ...
info:	Sun Apr 08 2012 21:08:38 GMT-0500 (Hora est. Pacífico, Sudamérica) Plugins path loaded!
info:	Sun Apr 08 2012 21:08:38 GMT-0500 (Hora est. Pacífico, Sudamérica) Includes path loaded!
info:	Sun Apr 08 2012 21:08:38 GMT-0500 (Hora est. Pacífico, Sudamérica) CasperJS path loaded!
info:	Sun Apr 08 2012 21:08:38 GMT-0500 (Hora est. Pacífico, Sudamérica) Timeout parameter loaded!
info:	Sun Apr 08 2012 21:08:38 GMT-0500 (Hora est. Pacífico, Sudamérica) Configuration parameters loaded!
info:	Sun Apr 08 2012 21:08:38 GMT-0500 (Hora est. Pacífico, Sudamérica) readPluginsPath function called!
info:	Sun Apr 08 2012 21:08:38 GMT-0500 (Hora est. Pacífico, Sudamérica) List the plugins of directory: D:/Escritorio/Tesis/software/plugins
debug:	Sun Apr 08 2012 21:08:38 GMT-0500 (Hora est. Pacífico, Sudamérica) Directory isn't empty: D:/Escritorio/Tesis/software/plugins
info:	Sun Apr 08 2012 21:08:38 GMT-0500 (Hora est. Pacífico, Sudamérica) Scanning directory:D:/Escritorio/Tesis/software/plugins/NoFound404Plugin/
info:	Sun Apr 08 2012 21:08:38 GMT-0500 (Hora est. Pacífico, Sudamérica) Directory valid: D:/Escritorio/Tesis/software/plugins/NoFound404Plugin/
info:	Sun Apr 08 2012 21:08:38 GMT-0500 (Hora est. Pacífico, Sudamérica) Plugin file found!: D:/Escritorio/Tesis/software/plugins/NoFound404Plugin/NoFound404Plugin.js
info:	Sun Apr 08 2012 21:08:38 GMT-0500 (Hora est. Pacífico, Sudamérica) Config plugin file no found!: D:/Escritorio/Tesis/software/plugins/NoFound404Plugin/config_NoFound404Plugin.js
info:	Sun Apr 08 2012 21:08:38 GMT-0500 (Hora est. Pacífico, Sudamérica) Scanning directory:D:/Escritorio/Tesis/software/plugins/TiempoEjecucionPlugin/
info:	Sun Apr 08 2012 21:08:38 GMT-0500 (Hora est. Pacífico, Sudamérica) Directory valid: D:/Escritorio/Tesis/software/plugins/TiempoEjecucionPlugin/
info:	Sun Apr 08 2012 21:08:38 GMT-0500 (Hora est. Pacífico, Sudamérica) Plugin file found!: D:/Escritorio/Tesis/software/plugins/TiempoEjecucionPlugin/TiempoEjecucionPlugin.js
info:	Sun Apr 08 2012 21:08:38 GMT-0500 (Hora est. Pacífico, Sudamérica) Config plugin file no found!: D:/Escritorio/Tesis/software/plugins/TiempoEjecucionPlugin/config_TiempoEjecucionPlugin.js
info:	Sun Apr 08 2012 21:08:38 GMT-0500 (Hora est. Pacífico, Sudamérica) runPlugins function called!
debug:	Sun Apr 08 2012 21:08:38 GMT-0500 (Hora est. Pacífico, Sudamérica) Plugins found!
debug:	Sun Apr 08 2012 21:08:38 GMT-0500 (Hora est. Pacífico, Sudamérica) Current plugin: NoFound404Plugin, state: stop
undefined:	Sun Apr 08 2012 21:08:38 GMT-0500 (Hora est. Pacífico, Sudamérica) plugin :NoFound404Plugin...started
info:	Sun Apr 08 2012 21:08:38 GMT-0500 (Hora est. Pacífico, Sudamérica) D:/Escritorio/Tesis/software/plugins/NoFound404Plugin/NoFound404Plugin.js File included succesfully!
info:	Sun Apr 08 2012 21:08:38 GMT-0500 (Hora est. Pacífico, Sudamérica) D:/Escritorio/Tesis/software/src/bin/PublicAPI.js File included succesfully!
info:	Sun Apr 08 2012 21:09:08 GMT-0500 (Hora est. Pacífico, Sudamérica) Api started
info:	Sun Apr 08 2012 21:09:08 GMT-0500 (Hora est. Pacífico, Sudamérica) readConfig function called!
info:	Sun Apr 08 2012 21:09:08 GMT-0500 (Hora est. Pacífico, Sudamérica) Loading: D:/Escritorio/Tesis/software/src/../config.json
info:	Sun Apr 08 2012 21:09:08 GMT-0500 (Hora est. Pacífico, Sudamérica) D:/Escritorio/Tesis/software/config.json File included succesfully!
info:	Sun Apr 08 2012 21:09:08 GMT-0500 (Hora est. Pacífico, Sudamérica) D:/Escritorio/Tesis/software/src/../config.json Loading configuration parameters ...
info:	Sun Apr 08 2012 21:09:08 GMT-0500 (Hora est. Pacífico, Sudamérica) Plugins path loaded!
info:	Sun Apr 08 2012 21:09:08 GMT-0500 (Hora est. Pacífico, Sudamérica) Includes path loaded!
info:	Sun Apr 08 2012 21:09:08 GMT-0500 (Hora est. Pacífico, Sudamérica) CasperJS path loaded!
info:	Sun Apr 08 2012 21:09:08 GMT-0500 (Hora est. Pacífico, Sudamérica) Timeout parameter loaded!
info:	Sun Apr 08 2012 21:09:08 GMT-0500 (Hora est. Pacífico, Sudamérica) Configuration parameters loaded!
info:	Sun Apr 08 2012 21:09:08 GMT-0500 (Hora est. Pacífico, Sudamérica) readPluginsPath function called!
info:	Sun Apr 08 2012 21:09:08 GMT-0500 (Hora est. Pacífico, Sudamérica) List the plugins of directory: D:/Escritorio/Tesis/software/plugins
debug:	Sun Apr 08 2012 21:09:08 GMT-0500 (Hora est. Pacífico, Sudamérica) Directory isn't empty: D:/Escritorio/Tesis/software/plugins
info:	Sun Apr 08 2012 21:09:08 GMT-0500 (Hora est. Pacífico, Sudamérica) Scanning directory:D:/Escritorio/Tesis/software/plugins/NoFound404Plugin/
info:	Sun Apr 08 2012 21:09:08 GMT-0500 (Hora est. Pacífico, Sudamérica) Directory valid: D:/Escritorio/Tesis/software/plugins/NoFound404Plugin/
info:	Sun Apr 08 2012 21:09:08 GMT-0500 (Hora est. Pacífico, Sudamérica) Plugin file found!: D:/Escritorio/Tesis/software/plugins/NoFound404Plugin/NoFound404Plugin.js
info:	Sun Apr 08 2012 21:09:08 GMT-0500 (Hora est. Pacífico, Sudamérica) Config plugin file no found!: D:/Escritorio/Tesis/software/plugins/NoFound404Plugin/config_NoFound404Plugin.js
info:	Sun Apr 08 2012 21:09:08 GMT-0500 (Hora est. Pacífico, Sudamérica) Scanning directory:D:/Escritorio/Tesis/software/plugins/TiempoEjecucionPlugin/
info:	Sun Apr 08 2012 21:09:08 GMT-0500 (Hora est. Pacífico, Sudamérica) Directory valid: D:/Escritorio/Tesis/software/plugins/TiempoEjecucionPlugin/
info:	Sun Apr 08 2012 21:09:08 GMT-0500 (Hora est. Pacífico, Sudamérica) Plugin file found!: D:/Escritorio/Tesis/software/plugins/TiempoEjecucionPlugin/TiempoEjecucionPlugin.js
info:	Sun Apr 08 2012 21:09:08 GMT-0500 (Hora est. Pacífico, Sudamérica) Config plugin file no found!: D:/Escritorio/Tesis/software/plugins/TiempoEjecucionPlugin/config_TiempoEjecucionPlugin.js
info:	Sun Apr 08 2012 21:09:08 GMT-0500 (Hora est. Pacífico, Sudamérica) runPlugins function called!
debug:	Sun Apr 08 2012 21:09:08 GMT-0500 (Hora est. Pacífico, Sudamérica) Plugins found!
debug:	Sun Apr 08 2012 21:09:08 GMT-0500 (Hora est. Pacífico, Sudamérica) Current plugin: NoFound404Plugin, state: stop
undefined:	Sun Apr 08 2012 21:09:08 GMT-0500 (Hora est. Pacífico, Sudamérica) plugin :NoFound404Plugin...started
info:	Sun Apr 08 2012 21:09:08 GMT-0500 (Hora est. Pacífico, Sudamérica) D:/Escritorio/Tesis/software/plugins/NoFound404Plugin/NoFound404Plugin.js File included succesfully!
info:	Sun Apr 08 2012 21:09:08 GMT-0500 (Hora est. Pacífico, Sudamérica) D:/Escritorio/Tesis/software/src/bin/PublicAPI.js File included succesfully!
info:	Sun Apr 08 2012 21:12:57 GMT-0500 (Hora est. Pacífico, Sudamérica) Api started
info:	Sun Apr 08 2012 21:12:57 GMT-0500 (Hora est. Pacífico, Sudamérica) readConfig function called!
info:	Sun Apr 08 2012 21:12:57 GMT-0500 (Hora est. Pacífico, Sudamérica) Loading: D:/Escritorio/Tesis/software/src/../config.json
info:	Sun Apr 08 2012 21:12:57 GMT-0500 (Hora est. Pacífico, Sudamérica) D:/Escritorio/Tesis/software/config.json File included succesfully!
info:	Sun Apr 08 2012 21:12:57 GMT-0500 (Hora est. Pacífico, Sudamérica) D:/Escritorio/Tesis/software/src/../config.json Loading configuration parameters ...
info:	Sun Apr 08 2012 21:12:57 GMT-0500 (Hora est. Pacífico, Sudamérica) Plugins path loaded!
info:	Sun Apr 08 2012 21:12:57 GMT-0500 (Hora est. Pacífico, Sudamérica) Includes path loaded!
info:	Sun Apr 08 2012 21:12:57 GMT-0500 (Hora est. Pacífico, Sudamérica) CasperJS path loaded!
info:	Sun Apr 08 2012 21:12:57 GMT-0500 (Hora est. Pacífico, Sudamérica) Timeout parameter loaded!
info:	Sun Apr 08 2012 21:12:57 GMT-0500 (Hora est. Pacífico, Sudamérica) Configuration parameters loaded!
info:	Sun Apr 08 2012 21:12:57 GMT-0500 (Hora est. Pacífico, Sudamérica) readPluginsPath function called!
info:	Sun Apr 08 2012 21:12:57 GMT-0500 (Hora est. Pacífico, Sudamérica) List the plugins of directory: D:/Escritorio/Tesis/software/plugins
debug:	Sun Apr 08 2012 21:12:57 GMT-0500 (Hora est. Pacífico, Sudamérica) Directory isn't empty: D:/Escritorio/Tesis/software/plugins
info:	Sun Apr 08 2012 21:12:57 GMT-0500 (Hora est. Pacífico, Sudamérica) Scanning directory:D:/Escritorio/Tesis/software/plugins/NoFound404Plugin/
info:	Sun Apr 08 2012 21:12:57 GMT-0500 (Hora est. Pacífico, Sudamérica) Directory valid: D:/Escritorio/Tesis/software/plugins/NoFound404Plugin/
info:	Sun Apr 08 2012 21:12:57 GMT-0500 (Hora est. Pacífico, Sudamérica) Plugin file found!: D:/Escritorio/Tesis/software/plugins/NoFound404Plugin/NoFound404Plugin.js
info:	Sun Apr 08 2012 21:12:57 GMT-0500 (Hora est. Pacífico, Sudamérica) Config plugin file no found!: D:/Escritorio/Tesis/software/plugins/NoFound404Plugin/config_NoFound404Plugin.js
info:	Sun Apr 08 2012 21:12:57 GMT-0500 (Hora est. Pacífico, Sudamérica) Scanning directory:D:/Escritorio/Tesis/software/plugins/TiempoEjecucionPlugin/
info:	Sun Apr 08 2012 21:12:57 GMT-0500 (Hora est. Pacífico, Sudamérica) Directory valid: D:/Escritorio/Tesis/software/plugins/TiempoEjecucionPlugin/
info:	Sun Apr 08 2012 21:12:57 GMT-0500 (Hora est. Pacífico, Sudamérica) Plugin file found!: D:/Escritorio/Tesis/software/plugins/TiempoEjecucionPlugin/TiempoEjecucionPlugin.js
info:	Sun Apr 08 2012 21:12:57 GMT-0500 (Hora est. Pacífico, Sudamérica) Config plugin file no found!: D:/Escritorio/Tesis/software/plugins/TiempoEjecucionPlugin/config_TiempoEjecucionPlugin.js
info:	Sun Apr 08 2012 21:12:57 GMT-0500 (Hora est. Pacífico, Sudamérica) runPlugins function called!
debug:	Sun Apr 08 2012 21:12:57 GMT-0500 (Hora est. Pacífico, Sudamérica) Plugins found!
debug:	Sun Apr 08 2012 21:12:57 GMT-0500 (Hora est. Pacífico, Sudamérica) Current plugin: NoFound404Plugin, state: stop
undefined:	Sun Apr 08 2012 21:12:57 GMT-0500 (Hora est. Pacífico, Sudamérica) plugin :NoFound404Plugin...started
info:	Sun Apr 08 2012 21:12:57 GMT-0500 (Hora est. Pacífico, Sudamérica) loadPlugin function called!
info:	Sun Apr 08 2012 21:12:57 GMT-0500 (Hora est. Pacífico, Sudamérica) D:/Escritorio/Tesis/software/plugins/NoFound404Plugin/NoFound404Plugin.js File included succesfully!
info:	Sun Apr 08 2012 21:12:57 GMT-0500 (Hora est. Pacífico, Sudamérica) D:/Escritorio/Tesis/software/src/bin/PublicAPI.js File included succesfully!
info:	Sun Apr 08 2012 21:14:45 GMT-0500 (Hora est. Pacífico, Sudamérica) Api started
info:	Sun Apr 08 2012 21:14:45 GMT-0500 (Hora est. Pacífico, Sudamérica) readConfig function called!
info:	Sun Apr 08 2012 21:14:45 GMT-0500 (Hora est. Pacífico, Sudamérica) Loading: D:/Escritorio/Tesis/software/src/../config.json
info:	Sun Apr 08 2012 21:14:45 GMT-0500 (Hora est. Pacífico, Sudamérica) D:/Escritorio/Tesis/software/config.json File included succesfully!
info:	Sun Apr 08 2012 21:14:45 GMT-0500 (Hora est. Pacífico, Sudamérica) D:/Escritorio/Tesis/software/src/../config.json Loading configuration parameters ...
info:	Sun Apr 08 2012 21:14:45 GMT-0500 (Hora est. Pacífico, Sudamérica) Plugins path loaded!
info:	Sun Apr 08 2012 21:14:45 GMT-0500 (Hora est. Pacífico, Sudamérica) Includes path loaded!
info:	Sun Apr 08 2012 21:14:45 GMT-0500 (Hora est. Pacífico, Sudamérica) CasperJS path loaded!
info:	Sun Apr 08 2012 21:14:45 GMT-0500 (Hora est. Pacífico, Sudamérica) Timeout parameter loaded!
info:	Sun Apr 08 2012 21:14:45 GMT-0500 (Hora est. Pacífico, Sudamérica) Configuration parameters loaded!
info:	Sun Apr 08 2012 21:14:45 GMT-0500 (Hora est. Pacífico, Sudamérica) readPluginsPath function called!
info:	Sun Apr 08 2012 21:14:45 GMT-0500 (Hora est. Pacífico, Sudamérica) List the plugins of directory: D:/Escritorio/Tesis/software/plugins
debug:	Sun Apr 08 2012 21:14:45 GMT-0500 (Hora est. Pacífico, Sudamérica) Directory isn't empty: D:/Escritorio/Tesis/software/plugins
info:	Sun Apr 08 2012 21:14:45 GMT-0500 (Hora est. Pacífico, Sudamérica) Scanning directory:D:/Escritorio/Tesis/software/plugins/NoFound404Plugin/
info:	Sun Apr 08 2012 21:14:45 GMT-0500 (Hora est. Pacífico, Sudamérica) Directory valid: D:/Escritorio/Tesis/software/plugins/NoFound404Plugin/
info:	Sun Apr 08 2012 21:14:45 GMT-0500 (Hora est. Pacífico, Sudamérica) Plugin file found!: D:/Escritorio/Tesis/software/plugins/NoFound404Plugin/NoFound404Plugin.js
info:	Sun Apr 08 2012 21:14:45 GMT-0500 (Hora est. Pacífico, Sudamérica) Config plugin file no found!: D:/Escritorio/Tesis/software/plugins/NoFound404Plugin/config_NoFound404Plugin.js
info:	Sun Apr 08 2012 21:14:45 GMT-0500 (Hora est. Pacífico, Sudamérica) Scanning directory:D:/Escritorio/Tesis/software/plugins/TiempoEjecucionPlugin/
info:	Sun Apr 08 2012 21:14:45 GMT-0500 (Hora est. Pacífico, Sudamérica) Directory valid: D:/Escritorio/Tesis/software/plugins/TiempoEjecucionPlugin/
info:	Sun Apr 08 2012 21:14:45 GMT-0500 (Hora est. Pacífico, Sudamérica) Plugin file found!: D:/Escritorio/Tesis/software/plugins/TiempoEjecucionPlugin/TiempoEjecucionPlugin.js
info:	Sun Apr 08 2012 21:14:45 GMT-0500 (Hora est. Pacífico, Sudamérica) Config plugin file no found!: D:/Escritorio/Tesis/software/plugins/TiempoEjecucionPlugin/config_TiempoEjecucionPlugin.js
info:	Sun Apr 08 2012 21:14:45 GMT-0500 (Hora est. Pacífico, Sudamérica) runPlugins function called!
debug:	Sun Apr 08 2012 21:14:45 GMT-0500 (Hora est. Pacífico, Sudamérica) Plugins found!
debug:	Sun Apr 08 2012 21:14:45 GMT-0500 (Hora est. Pacífico, Sudamérica) Current plugin: NoFound404Plugin, state: stop
undefined:	Sun Apr 08 2012 21:14:45 GMT-0500 (Hora est. Pacífico, Sudamérica) plugin :NoFound404Plugin...started
info:	Sun Apr 08 2012 21:14:45 GMT-0500 (Hora est. Pacífico, Sudamérica) loadPlugin function called!
info:	Sun Apr 08 2012 21:14:45 GMT-0500 (Hora est. Pacífico, Sudamérica) D:/Escritorio/Tesis/software/plugins/NoFound404Plugin/NoFound404Plugin.js File included succesfully!
info:	Sun Apr 08 2012 21:14:45 GMT-0500 (Hora est. Pacífico, Sudamérica) D:/Escritorio/Tesis/software/src/bin/PublicAPI.js File included succesfully!
info:	Sun Apr 08 2012 21:22:39 GMT-0500 (Hora est. Pacífico, Sudamérica) Api started
info:	Sun Apr 08 2012 21:22:39 GMT-0500 (Hora est. Pacífico, Sudamérica) readConfig function called!
info:	Sun Apr 08 2012 21:22:39 GMT-0500 (Hora est. Pacífico, Sudamérica) Loading: D:/Escritorio/Tesis/software/src/../config.json
info:	Sun Apr 08 2012 21:22:39 GMT-0500 (Hora est. Pacífico, Sudamérica) D:/Escritorio/Tesis/software/config.json File included succesfully!
info:	Sun Apr 08 2012 21:22:39 GMT-0500 (Hora est. Pacífico, Sudamérica) D:/Escritorio/Tesis/software/src/../config.json Loading configuration parameters ...
info:	Sun Apr 08 2012 21:22:39 GMT-0500 (Hora est. Pacífico, Sudamérica) Plugins path loaded!
info:	Sun Apr 08 2012 21:22:39 GMT-0500 (Hora est. Pacífico, Sudamérica) Includes path loaded!
info:	Sun Apr 08 2012 21:22:39 GMT-0500 (Hora est. Pacífico, Sudamérica) CasperJS path loaded!
info:	Sun Apr 08 2012 21:22:39 GMT-0500 (Hora est. Pacífico, Sudamérica) Timeout parameter loaded!
info:	Sun Apr 08 2012 21:22:39 GMT-0500 (Hora est. Pacífico, Sudamérica) Configuration parameters loaded!
info:	Sun Apr 08 2012 21:22:39 GMT-0500 (Hora est. Pacífico, Sudamérica) readPluginsPath function called!
info:	Sun Apr 08 2012 21:22:39 GMT-0500 (Hora est. Pacífico, Sudamérica) List the plugins of directory: D:/Escritorio/Tesis/software/plugins
debug:	Sun Apr 08 2012 21:22:39 GMT-0500 (Hora est. Pacífico, Sudamérica) Directory isn't empty: D:/Escritorio/Tesis/software/plugins
info:	Sun Apr 08 2012 21:22:39 GMT-0500 (Hora est. Pacífico, Sudamérica) Scanning directory:D:/Escritorio/Tesis/software/plugins/NoFound404Plugin/
info:	Sun Apr 08 2012 21:22:39 GMT-0500 (Hora est. Pacífico, Sudamérica) Directory valid: D:/Escritorio/Tesis/software/plugins/NoFound404Plugin/
info:	Sun Apr 08 2012 21:22:39 GMT-0500 (Hora est. Pacífico, Sudamérica) Plugin file found!: D:/Escritorio/Tesis/software/plugins/NoFound404Plugin/NoFound404Plugin.js
info:	Sun Apr 08 2012 21:22:39 GMT-0500 (Hora est. Pacífico, Sudamérica) Config plugin file found!: D:/Escritorio/Tesis/software/plugins/NoFound404Plugin/config_NoFound404Plugin.json
info:	Sun Apr 08 2012 21:22:39 GMT-0500 (Hora est. Pacífico, Sudamérica) Scanning directory:D:/Escritorio/Tesis/software/plugins/TiempoEjecucionPlugin/
info:	Sun Apr 08 2012 21:22:39 GMT-0500 (Hora est. Pacífico, Sudamérica) Directory valid: D:/Escritorio/Tesis/software/plugins/TiempoEjecucionPlugin/
info:	Sun Apr 08 2012 21:22:39 GMT-0500 (Hora est. Pacífico, Sudamérica) Plugin file found!: D:/Escritorio/Tesis/software/plugins/TiempoEjecucionPlugin/TiempoEjecucionPlugin.js
info:	Sun Apr 08 2012 21:22:39 GMT-0500 (Hora est. Pacífico, Sudamérica) Config plugin file found!: D:/Escritorio/Tesis/software/plugins/TiempoEjecucionPlugin/config_TiempoEjecucionPlugin.json
info:	Sun Apr 08 2012 21:22:39 GMT-0500 (Hora est. Pacífico, Sudamérica) runPlugins function called!
debug:	Sun Apr 08 2012 21:22:39 GMT-0500 (Hora est. Pacífico, Sudamérica) Plugins found!
debug:	Sun Apr 08 2012 21:22:39 GMT-0500 (Hora est. Pacífico, Sudamérica) Current plugin: NoFound404Plugin, state: stop
undefined:	Sun Apr 08 2012 21:22:39 GMT-0500 (Hora est. Pacífico, Sudamérica) plugin :NoFound404Plugin...started
info:	Sun Apr 08 2012 21:22:39 GMT-0500 (Hora est. Pacífico, Sudamérica) loadPlugin function called!
info:	Sun Apr 08 2012 21:22:39 GMT-0500 (Hora est. Pacífico, Sudamérica) D:/Escritorio/Tesis/software/plugins/NoFound404Plugin/NoFound404Plugin.js File included succesfully!
info:	Sun Apr 08 2012 21:22:39 GMT-0500 (Hora est. Pacífico, Sudamérica) D:/Escritorio/Tesis/software/src/bin/PublicAPI.js File included succesfully!
